iBus-Android-Ayi/IMLib/build/outputs/logs/manifest-merger-release-report.txt
-- Merging decision tree log ---
manifest
ADDED from iBus-Android-Ayi\IMLib\AndroidManifest.xml:1:1-67:12
INJECTED from iBus-Android-Ayi\IMLib\AndroidManifest.xml:1:1-67:12
INJECTED from iBus-Android-Ayi\IMLib\AndroidManifest.xml:1:1-67:12
INJECTED from iBus-Android-Ayi\IMLib\AndroidManifest.xml:1:1-67:12
INJECTED from iBus-Android-Ayi\IMLib\AndroidManifest.xml:1:1-67:12
INJECTED from iBus-Android-Ayi\IMLib\AndroidManifest.xml:1:1-67:12
INJECTED from iBus-Android-Ayi\IMLib\AndroidManifest.xml:1:1-67:12
	package
		ADDED from iBus-Android-Ayi\IMLib\AndroidManifest.xml:2:5-28
		INJECTED from iBus-Android-Ayi\IMLib\AndroidManifest.xml
		INJECTED from iBus-Android-Ayi\IMLib\AndroidManifest.xml
	android:versionName
		INJECTED from iBus-Android-Ayi\IMLib\AndroidManifest.xml
		ADDED from iBus-Android-Ayi\IMLib\AndroidManifest.xml:1:1-67:12
		INJECTED from iBus-Android-Ayi\IMLib\AndroidManifest.xml
	android:versionCode
		INJECTED from iBus-Android-Ayi\IMLib\AndroidManifest.xml
		ADDED from iBus-Android-Ayi\IMLib\AndroidManifest.xml:1:1-67:12
		INJECTED from iBus-Android-Ayi\IMLib\AndroidManifest.xml
	xmlns:android
		ADDED from iBus-Android-Ayi\IMLib\AndroidManifest.xml:1:11-69
uses-permission#android.permission.WRITE_EXTERNAL_STORAGE
ADDED from iBus-Android-Ayi\IMLib\AndroidManifest.xml:5:5-81
	android:name
		ADDED from iBus-Android-Ayi\IMLib\AndroidManifest.xml:5:22-78
uses-permission#android.permission.INTERNET
ADDED from iBus-Android-Ayi\IMLib\AndroidManifest.xml:7:5-67
	android:name
		ADDED from iBus-Android-Ayi\IMLib\AndroidManifest.xml:7:22-64
uses-permission#android.permission.ACCESS_NETWORK_STATE
ADDED from iBus-Android-Ayi\IMLib\AndroidManifest.xml:8:5-79
	android:name
		ADDED from iBus-Android-Ayi\IMLib\AndroidManifest.xml:8:22-76
uses-permission#android.permission.ACCESS_WIFI_STATE
ADDED from iBus-Android-Ayi\IMLib\AndroidManifest.xml:9:5-76
	android:name
		ADDED from iBus-Android-Ayi\IMLib\AndroidManifest.xml:9:22-73
uses-permission#android.permission.WAKE_LOCK
ADDED from iBus-Android-Ayi\IMLib\AndroidManifest.xml:11:5-68
	android:name
		ADDED from iBus-Android-Ayi\IMLib\AndroidManifest.xml:11:22-65
uses-permission#android.permission.ACCESS_FINE_LOCATION
ADDED from iBus-Android-Ayi\IMLib\AndroidManifest.xml:13:5-79
	android:name
		ADDED from iBus-Android-Ayi\IMLib\AndroidManifest.xml:13:22-76
application
ADDED from iBus-Android-Ayi\IMLib\AndroidManifest.xml:15:5-65:19
meta-data#RONG_CLOUD_APP_KEY
ADDED from iBus-Android-Ayi\IMLib\AndroidManifest.xml:19:9-21:45
	android:value
		ADDED from iBus-Android-Ayi\IMLib\AndroidManifest.xml:21:13-42
	android:name
		ADDED from iBus-Android-Ayi\IMLib\AndroidManifest.xml:20:13-46
service#io.rong.imlib.ipc.RongService
ADDED from iBus-Android-Ayi\IMLib\AndroidManifest.xml:23:9-26:38
	android:process
		ADDED from iBus-Android-Ayi\IMLib\AndroidManifest.xml:26:13-35
	android:exported
		ADDED from iBus-Android-Ayi\IMLib\AndroidManifest.xml:25:13-36
	android:name
		ADDED from iBus-Android-Ayi\IMLib\AndroidManifest.xml:24:13-57
receiver#io.rong.imlib.ConnectChangeReceiver
ADDED from iBus-Android-Ayi\IMLib\AndroidManifest.xml:28:9-30:39
	android:exported
		ADDED from iBus-Android-Ayi\IMLib\AndroidManifest.xml:30:13-36
	android:name
		ADDED from iBus-Android-Ayi\IMLib\AndroidManifest.xml:29:13-63
receiver#io.rong.imlib.HeartbeatReceiver
ADDED from iBus-Android-Ayi\IMLib\AndroidManifest.xml:32:9-34:38
	android:process
		ADDED from iBus-Android-Ayi\IMLib\AndroidManifest.xml:34:13-35
	android:name
		ADDED from iBus-Android-Ayi\IMLib\AndroidManifest.xml:33:13-59
service#io.rong.push.rongpush.PushService
ADDED from iBus-Android-Ayi\IMLib\AndroidManifest.xml:38:9-42:46
	android:process
		ADDED from iBus-Android-Ayi\IMLib\AndroidManifest.xml:42:13-43
	android:exported
		ADDED from iBus-Android-Ayi\IMLib\AndroidManifest.xml:40:13-36
	android:permission
		ADDED from iBus-Android-Ayi\IMLib\AndroidManifest.xml:41:13-69
	android:name
		ADDED from iBus-Android-Ayi\IMLib\AndroidManifest.xml:39:13-61
receiver#io.rong.push.rongpush.PushReceiver
ADDED from iBus-Android-Ayi\IMLib\AndroidManifest.xml:45:9-60:20
	android:process
		ADDED from iBus-Android-Ayi\IMLib\AndroidManifest.xml:47:13-43
	android:name
		ADDED from iBus-Android-Ayi\IMLib\AndroidManifest.xml:46:13-62
intent-filter#action:name:android.net.conn.CONNECTIVITY_CHANGE+action:name:io.rong.push.intent.action.HEART_BEAT
ADDED from iBus-Android-Ayi\IMLib\AndroidManifest.xml:49:13-52:29
action#io.rong.push.intent.action.HEART_BEAT
ADDED from iBus-Android-Ayi\IMLib\AndroidManifest.xml:50:17-80
	android:name
		ADDED from iBus-Android-Ayi\IMLib\AndroidManifest.xml:50:25-77
action#android.net.conn.CONNECTIVITY_CHANGE
ADDED from iBus-Android-Ayi\IMLib\AndroidManifest.xml:51:17-79
	android:name
		ADDED from iBus-Android-Ayi\IMLib\AndroidManifest.xml:51:25-76
intent-filter#action:name:android.intent.action.ACTION_POWER_CONNECTED+action:name:android.intent.action.ACTION_POWER_DISCONNECTED+action:name:android.intent.action.USER_PRESENT
ADDED from iBus-Android-Ayi\IMLib\AndroidManifest.xml:55:13-59:29
action#android.intent.action.USER_PRESENT
ADDED from iBus-Android-Ayi\IMLib\AndroidManifest.xml:56:17-77
	android:name
		ADDED from iBus-Android-Ayi\IMLib\AndroidManifest.xml:56:25-74
action#android.intent.action.ACTION_POWER_CONNECTED
ADDED from iBus-Android-Ayi\IMLib\AndroidManifest.xml:57:17-87
	android:name
		ADDED from iBus-Android-Ayi\IMLib\AndroidManifest.xml:57:25-84
action#android.intent.action.ACTION_POWER_DISCONNECTED
ADDED from iBus-Android-Ayi\IMLib\AndroidManifest.xml:58:17-90
	android:name
		ADDED from iBus-Android-Ayi\IMLib\AndroidManifest.xml:58:25-87
uses-sdk
INJECTED from iBus-Android-Ayi\IMLib\AndroidManifest.xml reason: use-sdk injection requested
INJECTED from iBus-Android-Ayi\IMLib\AndroidManifest.xml
INJECTED from iBus-Android-Ayi\IMLib\AndroidManifest.xml
INJECTED from iBus-Android-Ayi\IMLib\AndroidManifest.xml
INJECTED from iBus-Android-Ayi\IMLib\AndroidManifest.xml
	android:targetSdkVersion
		INJECTED from iBus-Android-Ayi\IMLib\AndroidManifest.xml
		ADDED from iBus-Android-Ayi\IMLib\AndroidManifest.xml
		INJECTED from iBus-Android-Ayi\IMLib\AndroidManifest.xml
	android:minSdkVersion
		INJECTED from iBus-Android-Ayi\IMLib\AndroidManifest.xml
		ADDED from iBus-Android-Ayi\IMLib\AndroidManifest.xml
		INJECTED from iBus-Android-Ayi\IMLib\AndroidManifest.xml